c:\users\eduard\source\repos\skeletalanimation\skeletalanimation\x64\debug\vc141.pdb
c:\users\eduard\source\repos\skeletalanimation\skeletalanimation\x64\debug\vc141.idb
c:\users\eduard\source\repos\skeletalanimation\skeletalanimation\x64\debug\boneshape.obj
c:\users\eduard\source\repos\skeletalanimation\skeletalanimation\x64\debug\bone.obj
c:\users\eduard\source\repos\skeletalanimation\skeletalanimation\x64\debug\sprite.obj
c:\users\eduard\source\repos\skeletalanimation\skeletalanimation\x64\debug\main.obj
c:\users\eduard\source\repos\skeletalanimation\skeletalanimation\x64\debug\vectormath.obj
c:\users\eduard\source\repos\skeletalanimation\skeletalanimation\x64\debug\node.obj
c:\users\eduard\source\repos\skeletalanimation\skeletalanimation\x64\debug\armature.obj
c:\users\eduard\source\repos\skeletalanimation\skeletalanimation\x64\debug\mathutils.obj
c:\users\eduard\source\repos\skeletalanimation\skeletalanimation\x64\debug\observer.obj
c:\users\eduard\source\repos\skeletalanimation\skeletalanimation\x64\debug\subject.obj
c:\users\eduard\source\repos\skeletalanimation\skeletalanimation\x64\debug\inputhandler.obj
c:\users\eduard\source\repos\skeletalanimation\skeletalanimation\x64\debug\editor.obj
c:\users\eduard\source\repos\skeletalanimation\skeletalanimation\x64\debug\vertex.obj
c:\users\eduard\source\repos\skeletalanimation\skeletalanimation\x64\debug\source.obj
c:\users\eduard\source\repos\skeletalanimation\skeletalanimation\x64\debug\command.obj
c:\users\eduard\source\repos\skeletalanimation\skeletalanimation\x64\debug\movecommand.obj
c:\users\eduard\source\repos\skeletalanimation\skeletalanimation\x64\debug\extrudecommand.obj
c:\users\eduard\source\repos\skeletalanimation\skeletalanimation\x64\debug\armature.nativecodeanalysis.xml
c:\users\eduard\source\repos\skeletalanimation\skeletalanimation\x64\debug\bone.nativecodeanalysis.xml
c:\users\eduard\source\repos\skeletalanimation\skeletalanimation\x64\debug\boneshape.nativecodeanalysis.xml
c:\users\eduard\source\repos\skeletalanimation\skeletalanimation\x64\debug\command.nativecodeanalysis.xml
c:\users\eduard\source\repos\skeletalanimation\skeletalanimation\x64\debug\editor.nativecodeanalysis.xml
c:\users\eduard\source\repos\skeletalanimation\x64\debug\skeletalanimation.exe
c:\users\eduard\source\repos\skeletalanimation\x64\debug\skeletalanimation.ilk
c:\users\eduard\source\repos\skeletalanimation\x64\debug\skeletalanimation.pdb
c:\users\eduard\source\repos\skeletalanimation\skeletalanimation\x64\debug\armature.obj.enc
c:\users\eduard\source\repos\skeletalanimation\skeletalanimation\x64\debug\bone.obj.enc
c:\users\eduard\source\repos\skeletalanimation\skeletalanimation\x64\debug\skeletal.6da12463.tlog\cl.command.1.tlog
c:\users\eduard\source\repos\skeletalanimation\skeletalanimation\x64\debug\skeletal.6da12463.tlog\cl.read.1.tlog
c:\users\eduard\source\repos\skeletalanimation\skeletalanimation\x64\debug\skeletal.6da12463.tlog\cl.write.1.tlog
c:\users\eduard\source\repos\skeletalanimation\skeletalanimation\x64\debug\skeletal.6da12463.tlog\link.command.1.tlog
c:\users\eduard\source\repos\skeletalanimation\skeletalanimation\x64\debug\skeletal.6da12463.tlog\link.read.1.tlog
c:\users\eduard\source\repos\skeletalanimation\skeletalanimation\x64\debug\skeletal.6da12463.tlog\link.write.1.tlog
